[Tue Feb 15 01:08:01 IST 2022] [ArcherC50V6] Local ver: r18801-56256259a1, snapshot ver: r18806-2120cad38d
[Sun Feb 20 06:00:01 IST 2022] [ArcherC50V6] Local ver: r18806-2120cad38d, snapshot ver: r18895-e6df13d0e1
[Sun Feb 27 06:00:02 IST 2022] [ArcherC50V6] Local ver: r18895-e6df13d0e1, snapshot ver: r18984-628970a195
[Sun Mar  6 06:00:02 IST 2022] [ArcherC50V6] Local ver: r18984-628970a195, snapshot ver: r19043-c2d7896a65
[Mon Mar  7 15:55:32 IST 2022] [ArcherC6UV1] Local ver: r18984-628970a195, snapshot ver: r19053-921392e216
[Mon Mar  7 16:26:15 IST 2022] [ArcherC6UV1] Local ver: r18984-628970a195, snapshot ver: r19053-921392e216
[Mon Mar  7 16:54:32 IST 2022] [ArcherC6UV1] Local ver: r18984-628970a195, snapshot ver: r19053-921392e216
[Mon Mar  7 17:12:45 IST 2022] [ArcherC6UV1] Local ver: r18984-628970a195, snapshot ver: r19053-921392e216
[Mon Mar  7 20:34:17 IST 2022] [ArcherC6UV1] Local ver: r19053-921392e216, snapshot ver: r19065-c45b5abf6f
[Thu Mar 10 14:41:58 IST 2022] [ArcherC50v6] Local ver: r19043-c2d7896a65, snapshot ver: r19084-a5eeac8033
[Sun Mar 13 14:51:13 IST 2022] [ArcherC50v6] Local ver: r19084-a5eeac8033, snapshot ver: r19093-9851d4b6ce
[Sun Mar 13 15:01:59 IST 2022] [ArcherC50v6] Local ver: r19084-a5eeac8033, snapshot ver: r19093-9851d4b6ce
[Sun Mar 13 15:13:25 IST 2022] [ArcherC50v6] Local ver: r19084-a5eeac8033, snapshot ver: r19093-9851d4b6ce
[Sun Mar 13 15:22:06 IST 2022] [ArcherC50v6] Local ver: r19084-a5eeac8033, snapshot ver: r19093-9851d4b6ce
[Wed Mar 16 13:46:05 IST 2022] [ArcherC50v6] Local ver: r19093-9851d4b6ce, snapshot ver: r19123-2de86691b6
[Thu Mar 17 12:17:19 IST 2022] [ArcherC6UV1] Local ver: r19123-2de86691b6, snapshot ver: r19129-e17c6ee627
[Sun Mar 20 14:33:35 IST 2022] [ArcherC6Uv1] Local ver: r19129-e17c6ee627, snapshot ver: r19158-1eb5d50fd3
[Mon Mar 21 13:37:22 IST 2022] [ArcherC6Uv1] Local ver: r19158-1eb5d50fd3, snapshot ver: r19162-9f9477b275
[Sun Mar 27 09:45:11 IST 2022] [] Local ver: , snapshot ver: 
[Thu Mar 31 01:27:38 IST 2022] [ArcherC6Uv1] Local ver: r19162-9f9477b275, snapshot ver: r19314-8822a8d850
[Sun Apr  3 21:57:39 IST 2022] [ArcherC6Uv1] Local ver: r19314-8822a8d850, snapshot ver: r19349-bf6002e74b
[Thu Apr  7 13:52:08 IST 2022] [ArcherC50v6] Local ver: r19235-13960fb0e0, snapshot ver: r19368-64f629e207
[Tue Apr 12 02:33:50 IST 2022] [ArcherC6Uv1] Local ver: r19349-bf6002e74b, snapshot ver: r19421-3aa96efa24
[Mon Apr 18 00:39:01 IST 2022] [ArcherC6Uv1] Local ver: r19421-3aa96efa24, snapshot ver: r19481-a5ac8ad0ba
[Mon Apr 25 02:21:24 IST 2022] [ArcherC6Uv1] Local ver: r19481-a5ac8ad0ba, snapshot ver: r19520-089eb02abc
[Mon Apr 25 14:45:08 IST 2022] [ArcherC50v6] Local ver: r19481-a5ac8ad0ba, snapshot ver: r19521-46980294f6
[Tue May  3 12:36:50 IST 2022] [ArcherC6Uv1] Local ver: r19520-089eb02abc, snapshot ver: r19590-7b07c3cff5
[Sat May  7 17:14:01 IST 2022] [ArcherC6Uv1] Local ver: r19590-7b07c3cff5, snapshot ver: r19603-726ef8ba2d
[Mon May  9 13:51:36 IST 2022] [ArcherC6Uv1] Local ver: r19603-726ef8ba2d, snapshot ver: r19616-98bb26f9f7
[Fri May 27 02:15:20 IST 2022] [ArcherC6Uv1] Local ver: r19616-98bb26f9f7, snapshot ver: r19700-90e4c8c6e6
[Mon Jun  6 02:27:17 IST 2022] [ArcherC6Uv1] Local ver: r19700-90e4c8c6e6, snapshot ver: r19744-9be35180f4
[Tue Jun  7 15:52:37 IST 2022] [ArcherC50v6] Local ver: r19700-90e4c8c6e6, snapshot ver: r19767-fbf6992f2b
[Mon Jun 13 22:13:42 IST 2022] [ArcherC6Uv1] Local ver: r19744-9be35180f4, snapshot ver: r19796-498c15376b
[Wed Jun 15 16:11:51 IST 2022] [ArcherC6Uv1] Local ver: r19796-498c15376b, snapshot ver: r19799-c4b499bc03
[Mon Jun 20 14:08:12 IST 2022] [ArcherC50v6] Local ver: r19767-fbf6992f2b, snapshot ver: r19861-77692d6112
[Mon Jun 20 21:19:40 IST 2022] [ArcherC6Uv1] Local ver: force_update, snapshot ver: r19859-36e46c3c13
[Thu Jun 23 16:15:14 IST 2022] [ArcherC6Uv1] Local ver: r19859-36e46c3c13, snapshot ver: r19878-d6eebaf995
[Thu Jun 30 15:47:26 IST 2022] [ArcherC6Uv1] Local ver: r19878-d6eebaf995, snapshot ver: r19971-416d4483e8
[Mon Aug  1 15:40:24 IST 2022] [ArcherC6Uv1] Local ver: r19971-416d4483e8, snapshot ver: r20187-dbe53352e3
[Tue Aug 16 23:48:12 IST 2022] [ArcherC6Uv1] Local ver: r20187-dbe53352e3, snapshot ver: r20337-a66f843971
[Wed Aug 17 00:12:49 IST 2022] [ArcherC6Uv1] Local ver: r20187-dbe53352e3, snapshot ver: r20337-a66f843971
[Fri Aug 19 21:00:37 IST 2022] [ArcherC6Uv1] Local ver: r20187-dbe53352e3, snapshot ver: r20352-9c8605dee2
[Sun Aug 21 17:38:15 IST 2022] [ArcherC6Uv1] Local ver: r20352-9c8605dee2, snapshot ver: r20374-a434795809
[Wed Aug 24 14:44:18 IST 2022] [ArcherC6Uv1] Local ver: r20374-a434795809, snapshot ver: r20377-ca5c695a45
[Tue Sep 20 19:04:28 IST 2022] [ArcherC6Uv1] Local ver: r20377-ca5c695a45, snapshot ver: r20695-027845b4ce
[Fri Oct 21 14:22:29 IST 2022] [ArcherC6Uv1] Local ver: r20695-027845b4ce, snapshot ver: r21015-802bfe0806
[Wed Jan 25 22:47:57 IST 2023] [ArcherC6Uv1] Local ver: r20695-027845b4ce, snapshot ver: r21897-d40f59825a
